2019-03-29 01:01:45 Warning: Warning (2): Invalid argument supplied for foreach() in [C:\Users\koguy\Documents\TechStadium\ts-un-stu_201902\20_ServerProject\htdocs\torch\src\Controller\ItemController.php, line 198]
Request URL: /item/setItem/
Trace:
Cake\Error\BaseErrorHandler::handleError() - CORE\src\Error\BaseErrorHandler.php, line 159
Cake\Core\BasePlugin::{closure}() - ROOT\vendor\cakephp\debug_kit\config\bootstrap.php, line 42
App\Controller\ItemController::setItem() - APP/Controller\ItemController.php, line 198
Cake\Controller\Controller::invokeAction() - CORE\src\Controller\Controller.php, line 610
Cake\Http\ActionDispatcher::_invoke() - CORE\src\Http\ActionDispatcher.php, line 120
Cake\Http\ActionDispatcher::dispatch() - CORE\src\Http\ActionDispatcher.php, line 94
Cake\Http\BaseApplication::__invoke() - CORE\src\Http\BaseApplication.php, line 235
Cake\Http\Runner::__invoke() - CORE\src\Http\Runner.php, line 65
Cake\Routing\Middleware\RoutingMiddleware::__invoke() - CORE\src\Routing\Middleware\RoutingMiddleware.php, line 162
Cake\Http\Runner::__invoke() - CORE\src\Http\Runner.php, line 65
Cake\Routing\Middleware\AssetMiddleware::__invoke() - CORE\src\Routing\Middleware\AssetMiddleware.php, line 88
Cake\Http\Runner::__invoke() - CORE\src\Http\Runner.php, line 65
Cake\Error\Middleware\ErrorHandlerMiddleware::__invoke() - CORE\src\Error\Middleware\ErrorHandlerMiddleware.php, line 96
Cake\Http\Runner::__invoke() - CORE\src\Http\Runner.php, line 65
DebugKit\Middleware\DebugKitMiddleware::__invoke() - ROOT\vendor\cakephp\debug_kit\src\Middleware\DebugKitMiddleware.php, line 53
Cake\Http\Runner::__invoke() - CORE\src\Http\Runner.php, line 65
Cake\Http\Runner::run() - CORE\src\Http\Runner.php, line 51
Cake\Http\Server::run() - CORE\src\Http\Server.php, line 98
[main] - ROOT\webroot\index.php, line 40



2019-03-29 01:01:46 Warning: Warning (512): Unable to emit headers. Headers sent in file=C:\Users\koguy\Documents\TechStadium\ts-un-stu_201902\20_ServerProject\htdocs\torch\vendor\cakephp\cakephp\src\Error\Debugger.php line=853 in [C:\Users\koguy\Documents\TechStadium\ts-un-stu_201902\20_ServerProject\htdocs\torch\vendor\cakephp\cakephp\src\Http\ResponseEmitter.php, line 51]
Request URL: /item/setItem/
Trace:
Cake\Error\BaseErrorHandler::handleError() - CORE\src\Error\BaseErrorHandler.php, line 159
Cake\Core\BasePlugin::{closure}() - ROOT\vendor\cakephp\debug_kit\config\bootstrap.php, line 42
Cake\Http\ResponseEmitter::emit() - CORE\src\Http\ResponseEmitter.php, line 51
Cake\Http\Server::emit() - CORE\src\Http\Server.php, line 141
[main] - ROOT\webroot\index.php, line 40



2019-03-29 01:01:46 Warning: Warning (2): Cannot modify header information - headers already sent by (output started at C:\Users\koguy\Documents\TechStadium\ts-un-stu_201902\20_ServerProject\htdocs\torch\vendor\cakephp\cakephp\src\Error\Debugger.php:853) in [C:\Users\koguy\Documents\TechStadium\ts-un-stu_201902\20_ServerProject\htdocs\torch\vendor\cakephp\cakephp\src\Http\ResponseEmitter.php, line 152]
Request URL: /item/setItem/
Trace:
Cake\Error\BaseErrorHandler::handleError() - CORE\src\Error\BaseErrorHandler.php, line 159
Cake\Core\BasePlugin::{closure}() - ROOT\vendor\cakephp\debug_kit\config\bootstrap.php, line 42
header - [internal], line ??
Cake\Http\ResponseEmitter::emitStatusLine() - CORE\src\Http\ResponseEmitter.php, line 152
Cake\Http\ResponseEmitter::emit() - CORE\src\Http\ResponseEmitter.php, line 57
Cake\Http\Server::emit() - CORE\src\Http\Server.php, line 141
[main] - ROOT\webroot\index.php, line 40



2019-03-29 01:01:46 Warning: Warning (2): Cannot modify header information - headers already sent by (output started at C:\Users\koguy\Documents\TechStadium\ts-un-stu_201902\20_ServerProject\htdocs\torch\vendor\cakephp\cakephp\src\Error\Debugger.php:853) in [C:\Users\koguy\Documents\TechStadium\ts-un-stu_201902\20_ServerProject\htdocs\torch\vendor\cakephp\cakephp\src\Http\ResponseEmitter.php, line 185]
Request URL: /item/setItem/
Trace:
Cake\Error\BaseErrorHandler::handleError() - CORE\src\Error\BaseErrorHandler.php, line 159
Cake\Core\BasePlugin::{closure}() - ROOT\vendor\cakephp\debug_kit\config\bootstrap.php, line 42
header - [internal], line ??
Cake\Http\ResponseEmitter::emitHeaders() - CORE\src\Http\ResponseEmitter.php, line 185
Cake\Http\ResponseEmitter::emit() - CORE\src\Http\ResponseEmitter.php, line 58
Cake\Http\Server::emit() - CORE\src\Http\Server.php, line 141
[main] - ROOT\webroot\index.php, line 40



2019-03-29 01:01:46 Warning: Warning (2): Cannot modify header information - headers already sent by (output started at C:\Users\koguy\Documents\TechStadium\ts-un-stu_201902\20_ServerProject\htdocs\torch\vendor\cakephp\cakephp\src\Error\Debugger.php:853) in [C:\Users\koguy\Documents\TechStadium\ts-un-stu_201902\20_ServerProject\htdocs\torch\vendor\cakephp\cakephp\src\Http\ResponseEmitter.php, line 185]
Request URL: /item/setItem/
Trace:
Cake\Error\BaseErrorHandler::handleError() - CORE\src\Error\BaseErrorHandler.php, line 159
Cake\Core\BasePlugin::{closure}() - ROOT\vendor\cakephp\debug_kit\config\bootstrap.php, line 42
header - [internal], line ??
Cake\Http\ResponseEmitter::emitHeaders() - CORE\src\Http\ResponseEmitter.php, line 185
Cake\Http\ResponseEmitter::emit() - CORE\src\Http\ResponseEmitter.php, line 58
Cake\Http\Server::emit() - CORE\src\Http\Server.php, line 141
[main] - ROOT\webroot\index.php, line 40



2019-03-29 01:02:35 Warning: Warning (2): Invalid argument supplied for foreach() in [C:\Users\koguy\Documents\TechStadium\ts-un-stu_201902\20_ServerProject\htdocs\torch\src\Controller\ItemController.php, line 198]
Request URL: /item/setItem/
Trace:
Cake\Error\BaseErrorHandler::handleError() - CORE\src\Error\BaseErrorHandler.php, line 159
Cake\Core\BasePlugin::{closure}() - ROOT\vendor\cakephp\debug_kit\config\bootstrap.php, line 42
App\Controller\ItemController::setItem() - APP/Controller\ItemController.php, line 198
Cake\Controller\Controller::invokeAction() - CORE\src\Controller\Controller.php, line 610
Cake\Http\ActionDispatcher::_invoke() - CORE\src\Http\ActionDispatcher.php, line 120
Cake\Http\ActionDispatcher::dispatch() - CORE\src\Http\ActionDispatcher.php, line 94
Cake\Http\BaseApplication::__invoke() - CORE\src\Http\BaseApplication.php, line 235
Cake\Http\Runner::__invoke() - CORE\src\Http\Runner.php, line 65
Cake\Routing\Middleware\RoutingMiddleware::__invoke() - CORE\src\Routing\Middleware\RoutingMiddleware.php, line 162
Cake\Http\Runner::__invoke() - CORE\src\Http\Runner.php, line 65
Cake\Routing\Middleware\AssetMiddleware::__invoke() - CORE\src\Routing\Middleware\AssetMiddleware.php, line 88
Cake\Http\Runner::__invoke() - CORE\src\Http\Runner.php, line 65
Cake\Error\Middleware\ErrorHandlerMiddleware::__invoke() - CORE\src\Error\Middleware\ErrorHandlerMiddleware.php, line 96
Cake\Http\Runner::__invoke() - CORE\src\Http\Runner.php, line 65
DebugKit\Middleware\DebugKitMiddleware::__invoke() - ROOT\vendor\cakephp\debug_kit\src\Middleware\DebugKitMiddleware.php, line 53
Cake\Http\Runner::__invoke() - CORE\src\Http\Runner.php, line 65
Cake\Http\Runner::run() - CORE\src\Http\Runner.php, line 51
Cake\Http\Server::run() - CORE\src\Http\Server.php, line 98
[main] - ROOT\webroot\index.php, line 40



2019-03-29 01:11:19 Warning: Warning (2): Invalid argument supplied for foreach() in [C:\Users\koguy\Documents\TechStadium\ts-un-stu_201902\20_ServerProject\htdocs\torch\src\Controller\ItemController.php, line 217]
Request URL: /item/setItem/
Trace:
Cake\Error\BaseErrorHandler::handleError() - CORE\src\Error\BaseErrorHandler.php, line 159
Cake\Core\BasePlugin::{closure}() - ROOT\vendor\cakephp\debug_kit\config\bootstrap.php, line 42
App\Controller\ItemController::setItem() - APP/Controller\ItemController.php, line 217
Cake\Controller\Controller::invokeAction() - CORE\src\Controller\Controller.php, line 610
Cake\Http\ActionDispatcher::_invoke() - CORE\src\Http\ActionDispatcher.php, line 120
Cake\Http\ActionDispatcher::dispatch() - CORE\src\Http\ActionDispatcher.php, line 94
Cake\Http\BaseApplication::__invoke() - CORE\src\Http\BaseApplication.php, line 235
Cake\Http\Runner::__invoke() - CORE\src\Http\Runner.php, line 65
Cake\Routing\Middleware\RoutingMiddleware::__invoke() - CORE\src\Routing\Middleware\RoutingMiddleware.php, line 162
Cake\Http\Runner::__invoke() - CORE\src\Http\Runner.php, line 65
Cake\Routing\Middleware\AssetMiddleware::__invoke() - CORE\src\Routing\Middleware\AssetMiddleware.php, line 88
Cake\Http\Runner::__invoke() - CORE\src\Http\Runner.php, line 65
Cake\Error\Middleware\ErrorHandlerMiddleware::__invoke() - CORE\src\Error\Middleware\ErrorHandlerMiddleware.php, line 96
Cake\Http\Runner::__invoke() - CORE\src\Http\Runner.php, line 65
DebugKit\Middleware\DebugKitMiddleware::__invoke() - ROOT\vendor\cakephp\debug_kit\src\Middleware\DebugKitMiddleware.php, line 53
Cake\Http\Runner::__invoke() - CORE\src\Http\Runner.php, line 65
Cake\Http\Runner::run() - CORE\src\Http\Runner.php, line 51
Cake\Http\Server::run() - CORE\src\Http\Server.php, line 98
[main] - ROOT\webroot\index.php, line 40



2019-03-29 01:11:19 Warning: Warning (512): Unable to emit headers. Headers sent in file=C:\Users\koguy\Documents\TechStadium\ts-un-stu_201902\20_ServerProject\htdocs\torch\vendor\cakephp\cakephp\src\Error\Debugger.php line=853 in [C:\Users\koguy\Documents\TechStadium\ts-un-stu_201902\20_ServerProject\htdocs\torch\vendor\cakephp\cakephp\src\Http\ResponseEmitter.php, line 51]
Request URL: /item/setItem/
Trace:
Cake\Error\BaseErrorHandler::handleError() - CORE\src\Error\BaseErrorHandler.php, line 159
Cake\Core\BasePlugin::{closure}() - ROOT\vendor\cakephp\debug_kit\config\bootstrap.php, line 42
Cake\Http\ResponseEmitter::emit() - CORE\src\Http\ResponseEmitter.php, line 51
Cake\Http\Server::emit() - CORE\src\Http\Server.php, line 141
[main] - ROOT\webroot\index.php, line 40



2019-03-29 01:11:19 Warning: Warning (2): Cannot modify header information - headers already sent by (output started at C:\Users\koguy\Documents\TechStadium\ts-un-stu_201902\20_ServerProject\htdocs\torch\vendor\cakephp\cakephp\src\Error\Debugger.php:853) in [C:\Users\koguy\Documents\TechStadium\ts-un-stu_201902\20_ServerProject\htdocs\torch\vendor\cakephp\cakephp\src\Http\ResponseEmitter.php, line 152]
Request URL: /item/setItem/
Trace:
Cake\Error\BaseErrorHandler::handleError() - CORE\src\Error\BaseErrorHandler.php, line 159
Cake\Core\BasePlugin::{closure}() - ROOT\vendor\cakephp\debug_kit\config\bootstrap.php, line 42
header - [internal], line ??
Cake\Http\ResponseEmitter::emitStatusLine() - CORE\src\Http\ResponseEmitter.php, line 152
Cake\Http\ResponseEmitter::emit() - CORE\src\Http\ResponseEmitter.php, line 57
Cake\Http\Server::emit() - CORE\src\Http\Server.php, line 141
[main] - ROOT\webroot\index.php, line 40



2019-03-29 01:11:19 Warning: Warning (2): Cannot modify header information - headers already sent by (output started at C:\Users\koguy\Documents\TechStadium\ts-un-stu_201902\20_ServerProject\htdocs\torch\vendor\cakephp\cakephp\src\Error\Debugger.php:853) in [C:\Users\koguy\Documents\TechStadium\ts-un-stu_201902\20_ServerProject\htdocs\torch\vendor\cakephp\cakephp\src\Http\ResponseEmitter.php, line 185]
Request URL: /item/setItem/
Trace:
Cake\Error\BaseErrorHandler::handleError() - CORE\src\Error\BaseErrorHandler.php, line 159
Cake\Core\BasePlugin::{closure}() - ROOT\vendor\cakephp\debug_kit\config\bootstrap.php, line 42
header - [internal], line ??
Cake\Http\ResponseEmitter::emitHeaders() - CORE\src\Http\ResponseEmitter.php, line 185
Cake\Http\ResponseEmitter::emit() - CORE\src\Http\ResponseEmitter.php, line 58
Cake\Http\Server::emit() - CORE\src\Http\Server.php, line 141
[main] - ROOT\webroot\index.php, line 40



2019-03-29 01:11:19 Warning: Warning (2): Cannot modify header information - headers already sent by (output started at C:\Users\koguy\Documents\TechStadium\ts-un-stu_201902\20_ServerProject\htdocs\torch\vendor\cakephp\cakephp\src\Error\Debugger.php:853) in [C:\Users\koguy\Documents\TechStadium\ts-un-stu_201902\20_ServerProject\htdocs\torch\vendor\cakephp\cakephp\src\Http\ResponseEmitter.php, line 185]
Request URL: /item/setItem/
Trace:
Cake\Error\BaseErrorHandler::handleError() - CORE\src\Error\BaseErrorHandler.php, line 159
Cake\Core\BasePlugin::{closure}() - ROOT\vendor\cakephp\debug_kit\config\bootstrap.php, line 42
header - [internal], line ??
Cake\Http\ResponseEmitter::emitHeaders() - CORE\src\Http\ResponseEmitter.php, line 185
Cake\Http\ResponseEmitter::emit() - CORE\src\Http\ResponseEmitter.php, line 58
Cake\Http\Server::emit() - CORE\src\Http\Server.php, line 141
[main] - ROOT\webroot\index.php, line 40



2019-03-29 01:39:29 Warning: Warning (512): Unable to emit headers. Headers sent in file=C:\Users\koguy\Documents\TechStadium\ts-un-stu_201902\20_ServerProject\htdocs\torch\src\Controller\ItemController.php line=121 in [C:\Users\koguy\Documents\TechStadium\ts-un-stu_201902\20_ServerProject\htdocs\torch\vendor\cakephp\cakephp\src\Http\ResponseEmitter.php, line 51]
Request URL: /item/getItems
Trace:
Cake\Error\BaseErrorHandler::handleError() - CORE\src\Error\BaseErrorHandler.php, line 159
Cake\Core\BasePlugin::{closure}() - ROOT\vendor\cakephp\debug_kit\config\bootstrap.php, line 42
Cake\Http\ResponseEmitter::emit() - CORE\src\Http\ResponseEmitter.php, line 51
Cake\Http\Server::emit() - CORE\src\Http\Server.php, line 141
[main] - ROOT\webroot\index.php, line 40



2019-03-29 01:39:29 Warning: Warning (2): Cannot modify header information - headers already sent by (output started at C:\Users\koguy\Documents\TechStadium\ts-un-stu_201902\20_ServerProject\htdocs\torch\src\Controller\ItemController.php:121) in [C:\Users\koguy\Documents\TechStadium\ts-un-stu_201902\20_ServerProject\htdocs\torch\vendor\cakephp\cakephp\src\Http\ResponseEmitter.php, line 152]
Request URL: /item/getItems
Trace:
Cake\Error\BaseErrorHandler::handleError() - CORE\src\Error\BaseErrorHandler.php, line 159
Cake\Core\BasePlugin::{closure}() - ROOT\vendor\cakephp\debug_kit\config\bootstrap.php, line 42
header - [internal], line ??
Cake\Http\ResponseEmitter::emitStatusLine() - CORE\src\Http\ResponseEmitter.php, line 152
Cake\Http\ResponseEmitter::emit() - CORE\src\Http\ResponseEmitter.php, line 57
Cake\Http\Server::emit() - CORE\src\Http\Server.php, line 141
[main] - ROOT\webroot\index.php, line 40



2019-03-29 01:39:29 Warning: Warning (2): Cannot modify header information - headers already sent by (output started at C:\Users\koguy\Documents\TechStadium\ts-un-stu_201902\20_ServerProject\htdocs\torch\src\Controller\ItemController.php:121) in [C:\Users\koguy\Documents\TechStadium\ts-un-stu_201902\20_ServerProject\htdocs\torch\vendor\cakephp\cakephp\src\Http\ResponseEmitter.php, line 185]
Request URL: /item/getItems
Trace:
Cake\Error\BaseErrorHandler::handleError() - CORE\src\Error\BaseErrorHandler.php, line 159
Cake\Core\BasePlugin::{closure}() - ROOT\vendor\cakephp\debug_kit\config\bootstrap.php, line 42
header - [internal], line ??
Cake\Http\ResponseEmitter::emitHeaders() - CORE\src\Http\ResponseEmitter.php, line 185
Cake\Http\ResponseEmitter::emit() - CORE\src\Http\ResponseEmitter.php, line 58
Cake\Http\Server::emit() - CORE\src\Http\Server.php, line 141
[main] - ROOT\webroot\index.php, line 40



2019-03-29 01:39:29 Warning: Warning (2): Cannot modify header information - headers already sent by (output started at C:\Users\koguy\Documents\TechStadium\ts-un-stu_201902\20_ServerProject\htdocs\torch\src\Controller\ItemController.php:121) in [C:\Users\koguy\Documents\TechStadium\ts-un-stu_201902\20_ServerProject\htdocs\torch\vendor\cakephp\cakephp\src\Http\ResponseEmitter.php, line 185]
Request URL: /item/getItems
Trace:
Cake\Error\BaseErrorHandler::handleError() - CORE\src\Error\BaseErrorHandler.php, line 159
Cake\Core\BasePlugin::{closure}() - ROOT\vendor\cakephp\debug_kit\config\bootstrap.php, line 42
header - [internal], line ??
Cake\Http\ResponseEmitter::emitHeaders() - CORE\src\Http\ResponseEmitter.php, line 185
Cake\Http\ResponseEmitter::emit() - CORE\src\Http\ResponseEmitter.php, line 58
Cake\Http\Server::emit() - CORE\src\Http\Server.php, line 141
[main] - ROOT\webroot\index.php, line 40



2019-03-29 01:39:54 Warning: Warning (512): Unable to emit headers. Headers sent in file=C:\Users\koguy\Documents\TechStadium\ts-un-stu_201902\20_ServerProject\htdocs\torch\src\Controller\ItemController.php line=121 in [C:\Users\koguy\Documents\TechStadium\ts-un-stu_201902\20_ServerProject\htdocs\torch\vendor\cakephp\cakephp\src\Http\ResponseEmitter.php, line 51]
Request URL: /item/getItems
Trace:
Cake\Error\BaseErrorHandler::handleError() - CORE\src\Error\BaseErrorHandler.php, line 159
Cake\Core\BasePlugin::{closure}() - ROOT\vendor\cakephp\debug_kit\config\bootstrap.php, line 42
Cake\Http\ResponseEmitter::emit() - CORE\src\Http\ResponseEmitter.php, line 51
Cake\Http\Server::emit() - CORE\src\Http\Server.php, line 141
[main] - ROOT\webroot\index.php, line 40



2019-03-29 01:39:54 Warning: Warning (2): Cannot modify header information - headers already sent by (output started at C:\Users\koguy\Documents\TechStadium\ts-un-stu_201902\20_ServerProject\htdocs\torch\src\Controller\ItemController.php:121) in [C:\Users\koguy\Documents\TechStadium\ts-un-stu_201902\20_ServerProject\htdocs\torch\vendor\cakephp\cakephp\src\Http\ResponseEmitter.php, line 152]
Request URL: /item/getItems
Trace:
Cake\Error\BaseErrorHandler::handleError() - CORE\src\Error\BaseErrorHandler.php, line 159
Cake\Core\BasePlugin::{closure}() - ROOT\vendor\cakephp\debug_kit\config\bootstrap.php, line 42
header - [internal], line ??
Cake\Http\ResponseEmitter::emitStatusLine() - CORE\src\Http\ResponseEmitter.php, line 152
Cake\Http\ResponseEmitter::emit() - CORE\src\Http\ResponseEmitter.php, line 57
Cake\Http\Server::emit() - CORE\src\Http\Server.php, line 141
[main] - ROOT\webroot\index.php, line 40



2019-03-29 01:39:54 Warning: Warning (2): Cannot modify header information - headers already sent by (output started at C:\Users\koguy\Documents\TechStadium\ts-un-stu_201902\20_ServerProject\htdocs\torch\src\Controller\ItemController.php:121) in [C:\Users\koguy\Documents\TechStadium\ts-un-stu_201902\20_ServerProject\htdocs\torch\vendor\cakephp\cakephp\src\Http\ResponseEmitter.php, line 185]
Request URL: /item/getItems
Trace:
Cake\Error\BaseErrorHandler::handleError() - CORE\src\Error\BaseErrorHandler.php, line 159
Cake\Core\BasePlugin::{closure}() - ROOT\vendor\cakephp\debug_kit\config\bootstrap.php, line 42
header - [internal], line ??
Cake\Http\ResponseEmitter::emitHeaders() - CORE\src\Http\ResponseEmitter.php, line 185
Cake\Http\ResponseEmitter::emit() - CORE\src\Http\ResponseEmitter.php, line 58
Cake\Http\Server::emit() - CORE\src\Http\Server.php, line 141
[main] - ROOT\webroot\index.php, line 40



2019-03-29 01:39:54 Warning: Warning (2): Cannot modify header information - headers already sent by (output started at C:\Users\koguy\Documents\TechStadium\ts-un-stu_201902\20_ServerProject\htdocs\torch\src\Controller\ItemController.php:121) in [C:\Users\koguy\Documents\TechStadium\ts-un-stu_201902\20_ServerProject\htdocs\torch\vendor\cakephp\cakephp\src\Http\ResponseEmitter.php, line 185]
Request URL: /item/getItems
Trace:
Cake\Error\BaseErrorHandler::handleError() - CORE\src\Error\BaseErrorHandler.php, line 159
Cake\Core\BasePlugin::{closure}() - ROOT\vendor\cakephp\debug_kit\config\bootstrap.php, line 42
header - [internal], line ??
Cake\Http\ResponseEmitter::emitHeaders() - CORE\src\Http\ResponseEmitter.php, line 185
Cake\Http\ResponseEmitter::emit() - CORE\src\Http\ResponseEmitter.php, line 58
Cake\Http\Server::emit() - CORE\src\Http\Server.php, line 141
[main] - ROOT\webroot\index.php, line 40



2019-03-29 01:40:17 Warning: Warning (512): Unable to emit headers. Headers sent in file=C:\Users\koguy\Documents\TechStadium\ts-un-stu_201902\20_ServerProject\htdocs\torch\src\Controller\ItemController.php line=121 in [C:\Users\koguy\Documents\TechStadium\ts-un-stu_201902\20_ServerProject\htdocs\torch\vendor\cakephp\cakephp\src\Http\ResponseEmitter.php, line 51]
Request URL: /item/getItems
Trace:
Cake\Error\BaseErrorHandler::handleError() - CORE\src\Error\BaseErrorHandler.php, line 159
Cake\Core\BasePlugin::{closure}() - ROOT\vendor\cakephp\debug_kit\config\bootstrap.php, line 42
Cake\Http\ResponseEmitter::emit() - CORE\src\Http\ResponseEmitter.php, line 51
Cake\Http\Server::emit() - CORE\src\Http\Server.php, line 141
[main] - ROOT\webroot\index.php, line 40



2019-03-29 01:40:17 Warning: Warning (2): Cannot modify header information - headers already sent by (output started at C:\Users\koguy\Documents\TechStadium\ts-un-stu_201902\20_ServerProject\htdocs\torch\src\Controller\ItemController.php:121) in [C:\Users\koguy\Documents\TechStadium\ts-un-stu_201902\20_ServerProject\htdocs\torch\vendor\cakephp\cakephp\src\Http\ResponseEmitter.php, line 152]
Request URL: /item/getItems
Trace:
Cake\Error\BaseErrorHandler::handleError() - CORE\src\Error\BaseErrorHandler.php, line 159
Cake\Core\BasePlugin::{closure}() - ROOT\vendor\cakephp\debug_kit\config\bootstrap.php, line 42
header - [internal], line ??
Cake\Http\ResponseEmitter::emitStatusLine() - CORE\src\Http\ResponseEmitter.php, line 152
Cake\Http\ResponseEmitter::emit() - CORE\src\Http\ResponseEmitter.php, line 57
Cake\Http\Server::emit() - CORE\src\Http\Server.php, line 141
[main] - ROOT\webroot\index.php, line 40



2019-03-29 01:40:17 Warning: Warning (2): Cannot modify header information - headers already sent by (output started at C:\Users\koguy\Documents\TechStadium\ts-un-stu_201902\20_ServerProject\htdocs\torch\src\Controller\ItemController.php:121) in [C:\Users\koguy\Documents\TechStadium\ts-un-stu_201902\20_ServerProject\htdocs\torch\vendor\cakephp\cakephp\src\Http\ResponseEmitter.php, line 185]
Request URL: /item/getItems
Trace:
Cake\Error\BaseErrorHandler::handleError() - CORE\src\Error\BaseErrorHandler.php, line 159
Cake\Core\BasePlugin::{closure}() - ROOT\vendor\cakephp\debug_kit\config\bootstrap.php, line 42
header - [internal], line ??
Cake\Http\ResponseEmitter::emitHeaders() - CORE\src\Http\ResponseEmitter.php, line 185
Cake\Http\ResponseEmitter::emit() - CORE\src\Http\ResponseEmitter.php, line 58
Cake\Http\Server::emit() - CORE\src\Http\Server.php, line 141
[main] - ROOT\webroot\index.php, line 40



2019-03-29 01:40:17 Warning: Warning (2): Cannot modify header information - headers already sent by (output started at C:\Users\koguy\Documents\TechStadium\ts-un-stu_201902\20_ServerProject\htdocs\torch\src\Controller\ItemController.php:121) in [C:\Users\koguy\Documents\TechStadium\ts-un-stu_201902\20_ServerProject\htdocs\torch\vendor\cakephp\cakephp\src\Http\ResponseEmitter.php, line 185]
Request URL: /item/getItems
Trace:
Cake\Error\BaseErrorHandler::handleError() - CORE\src\Error\BaseErrorHandler.php, line 159
Cake\Core\BasePlugin::{closure}() - ROOT\vendor\cakephp\debug_kit\config\bootstrap.php, line 42
header - [internal], line ??
Cake\Http\ResponseEmitter::emitHeaders() - CORE\src\Http\ResponseEmitter.php, line 185
Cake\Http\ResponseEmitter::emit() - CORE\src\Http\ResponseEmitter.php, line 58
Cake\Http\Server::emit() - CORE\src\Http\Server.php, line 141
[main] - ROOT\webroot\index.php, line 40



2019-03-29 02:35:26 Error: [BadMethodCallException] Unknown finder method "first"
#0 C:\Users\koguy\Documents\TechStadium\ts-un-stu_201902\20_ServerProject\htdocs\torch\vendor\cakephp\cakephp\src\ORM\Table.php(1360): Cake\ORM\Table->callFinder('first', Object(Cake\ORM\Query), Array)
#1 C:\Users\koguy\Documents\TechStadium\ts-un-stu_201902\20_ServerProject\htdocs\torch\src\Controller\ItemController.php(114): Cake\ORM\Table->find('first', Array)
#2 C:\Users\koguy\Documents\TechStadium\ts-un-stu_201902\20_ServerProject\htdocs\torch\vendor\cakephp\cakephp\src\Controller\Controller.php(610): App\Controller\ItemController->getItems()
#3 C:\Users\koguy\Documents\TechStadium\ts-un-stu_201902\20_ServerProject\htdocs\torch\vendor\cakephp\cakephp\src\Http\ActionDispatcher.php(120): Cake\Controller\Controller->invokeAction()
#4 C:\Users\koguy\Documents\TechStadium\ts-un-stu_201902\20_ServerProject\htdocs\torch\vendor\cakephp\cakephp\src\Http\ActionDispatcher.php(94): Cake\Http\ActionDispatcher->_invoke(Object(App\Controller\ItemController))
#5 C:\Users\koguy\Documents\TechStadium\ts-un-stu_201902\20_ServerProject\htdocs\torch\vendor\cakephp\cakephp\src\Http\BaseApplication.php(235): Cake\Http\ActionDispatcher->dispatch(Object(Cake\Http\ServerRequest), Object(Cake\Http\Response))
#6 C:\Users\koguy\Documents\TechStadium\ts-un-stu_201902\20_ServerProject\htdocs\torch\vendor\cakephp\cakephp\src\Http\Runner.php(65): Cake\Http\BaseApplication->__invoke(Object(Cake\Http\ServerRequest), Object(Cake\Http\Response), Object(Cake\Http\Runner))
#7 C:\Users\koguy\Documents\TechStadium\ts-un-stu_201902\20_ServerProject\htdocs\torch\vendor\cakephp\cakephp\src\Routing\Middleware\RoutingMiddleware.php(162): Cake\Http\Runner->__invoke(Object(Cake\Http\ServerRequest), Object(Cake\Http\Response))
#8 C:\Users\koguy\Documents\TechStadium\ts-un-stu_201902\20_ServerProject\htdocs\torch\vendor\cakephp\cakephp\src\Http\Runner.php(65): Cake\Routing\Middleware\RoutingMiddleware->__invoke(Object(Cake\Http\ServerRequest), Object(Cake\Http\Response), Object(Cake\Http\Runner))
#9 C:\Users\koguy\Documents\TechStadium\ts-un-stu_201902\20_ServerProject\htdocs\torch\vendor\cakephp\cakephp\src\Routing\Middleware\AssetMiddleware.php(88): Cake\Http\Runner->__invoke(Object(Cake\Http\ServerRequest), Object(Cake\Http\Response))
#10 C:\Users\koguy\Documents\TechStadium\ts-un-stu_201902\20_ServerProject\htdocs\torch\vendor\cakephp\cakephp\src\Http\Runner.php(65): Cake\Routing\Middleware\AssetMiddleware->__invoke(Object(Cake\Http\ServerRequest), Object(Cake\Http\Response), Object(Cake\Http\Runner))
#11 C:\Users\koguy\Documents\TechStadium\ts-un-stu_201902\20_ServerProject\htdocs\torch\vendor\cakephp\cakephp\src\Error\Middleware\ErrorHandlerMiddleware.php(96): Cake\Http\Runner->__invoke(Object(Cake\Http\ServerRequest), Object(Cake\Http\Response))
#12 C:\Users\koguy\Documents\TechStadium\ts-un-stu_201902\20_ServerProject\htdocs\torch\vendor\cakephp\cakephp\src\Http\Runner.php(65): Cake\Error\Middleware\ErrorHandlerMiddleware->__invoke(Object(Cake\Http\ServerRequest), Object(Cake\Http\Response), Object(Cake\Http\Runner))
#13 C:\Users\koguy\Documents\TechStadium\ts-un-stu_201902\20_ServerProject\htdocs\torch\vendor\cakephp\debug_kit\src\Middleware\DebugKitMiddleware.php(53): Cake\Http\Runner->__invoke(Object(Cake\Http\ServerRequest), Object(Cake\Http\Response))
#14 C:\Users\koguy\Documents\TechStadium\ts-un-stu_201902\20_ServerProject\htdocs\torch\vendor\cakephp\cakephp\src\Http\Runner.php(65): DebugKit\Middleware\DebugKitMiddleware->__invoke(Object(Cake\Http\ServerRequest), Object(Cake\Http\Response), Object(Cake\Http\Runner))
#15 C:\Users\koguy\Documents\TechStadium\ts-un-stu_201902\20_ServerProject\htdocs\torch\vendor\cakephp\cakephp\src\Http\Runner.php(51): Cake\Http\Runner->__invoke(Object(Cake\Http\ServerRequest), Object(Cake\Http\Response))
#16 C:\Users\koguy\Documents\TechStadium\ts-un-stu_201902\20_ServerProject\htdocs\torch\vendor\cakephp\cakephp\src\Http\Server.php(98): Cake\Http\Runner->run(Object(Cake\Http\MiddlewareQueue), Object(Cake\Http\ServerRequest), Object(Cake\Http\Response))
#17 C:\Users\koguy\Documents\TechStadium\ts-un-stu_201902\20_ServerProject\htdocs\torch\webroot\index.php(40): Cake\Http\Server->run()
#18 {main}
Request URL: /item/getItems


2019-03-29 07:31:59 Error: [BadMethodCallException] Unknown finder method "sll"
#0 C:\Users\koguy\Documents\TechStadium\ts-un-stu_201902\20_ServerProject\htdocs\torch\vendor\cakephp\cakephp\src\ORM\Table.php(1360): Cake\ORM\Table->callFinder('sll', Object(Cake\ORM\Query), Array)
#1 C:\Users\koguy\Documents\TechStadium\ts-un-stu_201902\20_ServerProject\htdocs\torch\src\Controller\ItemController.php(114): Cake\ORM\Table->find('sll')
#2 C:\Users\koguy\Documents\TechStadium\ts-un-stu_201902\20_ServerProject\htdocs\torch\vendor\cakephp\cakephp\src\Controller\Controller.php(610): App\Controller\ItemController->getItems()
#3 C:\Users\koguy\Documents\TechStadium\ts-un-stu_201902\20_ServerProject\htdocs\torch\vendor\cakephp\cakephp\src\Http\ActionDispatcher.php(120): Cake\Controller\Controller->invokeAction()
#4 C:\Users\koguy\Documents\TechStadium\ts-un-stu_201902\20_ServerProject\htdocs\torch\vendor\cakephp\cakephp\src\Http\ActionDispatcher.php(94): Cake\Http\ActionDispatcher->_invoke(Object(App\Controller\ItemController))
#5 C:\Users\koguy\Documents\TechStadium\ts-un-stu_201902\20_ServerProject\htdocs\torch\vendor\cakephp\cakephp\src\Http\BaseApplication.php(235): Cake\Http\ActionDispatcher->dispatch(Object(Cake\Http\ServerRequest), Object(Cake\Http\Response))
#6 C:\Users\koguy\Documents\TechStadium\ts-un-stu_201902\20_ServerProject\htdocs\torch\vendor\cakephp\cakephp\src\Http\Runner.php(65): Cake\Http\BaseApplication->__invoke(Object(Cake\Http\ServerRequest), Object(Cake\Http\Response), Object(Cake\Http\Runner))
#7 C:\Users\koguy\Documents\TechStadium\ts-un-stu_201902\20_ServerProject\htdocs\torch\vendor\cakephp\cakephp\src\Routing\Middleware\RoutingMiddleware.php(162): Cake\Http\Runner->__invoke(Object(Cake\Http\ServerRequest), Object(Cake\Http\Response))
#8 C:\Users\koguy\Documents\TechStadium\ts-un-stu_201902\20_ServerProject\htdocs\torch\vendor\cakephp\cakephp\src\Http\Runner.php(65): Cake\Routing\Middleware\RoutingMiddleware->__invoke(Object(Cake\Http\ServerRequest), Object(Cake\Http\Response), Object(Cake\Http\Runner))
#9 C:\Users\koguy\Documents\TechStadium\ts-un-stu_201902\20_ServerProject\htdocs\torch\vendor\cakephp\cakephp\src\Routing\Middleware\AssetMiddleware.php(88): Cake\Http\Runner->__invoke(Object(Cake\Http\ServerRequest), Object(Cake\Http\Response))
#10 C:\Users\koguy\Documents\TechStadium\ts-un-stu_201902\20_ServerProject\htdocs\torch\vendor\cakephp\cakephp\src\Http\Runner.php(65): Cake\Routing\Middleware\AssetMiddleware->__invoke(Object(Cake\Http\ServerRequest), Object(Cake\Http\Response), Object(Cake\Http\Runner))
#11 C:\Users\koguy\Documents\TechStadium\ts-un-stu_201902\20_ServerProject\htdocs\torch\vendor\cakephp\cakephp\src\Error\Middleware\ErrorHandlerMiddleware.php(96): Cake\Http\Runner->__invoke(Object(Cake\Http\ServerRequest), Object(Cake\Http\Response))
#12 C:\Users\koguy\Documents\TechStadium\ts-un-stu_201902\20_ServerProject\htdocs\torch\vendor\cakephp\cakephp\src\Http\Runner.php(65): Cake\Error\Middleware\ErrorHandlerMiddleware->__invoke(Object(Cake\Http\ServerRequest), Object(Cake\Http\Response), Object(Cake\Http\Runner))
#13 C:\Users\koguy\Documents\TechStadium\ts-un-stu_201902\20_ServerProject\htdocs\torch\vendor\cakephp\debug_kit\src\Middleware\DebugKitMiddleware.php(53): Cake\Http\Runner->__invoke(Object(Cake\Http\ServerRequest), Object(Cake\Http\Response))
#14 C:\Users\koguy\Documents\TechStadium\ts-un-stu_201902\20_ServerProject\htdocs\torch\vendor\cakephp\cakephp\src\Http\Runner.php(65): DebugKit\Middleware\DebugKitMiddleware->__invoke(Object(Cake\Http\ServerRequest), Object(Cake\Http\Response), Object(Cake\Http\Runner))
#15 C:\Users\koguy\Documents\TechStadium\ts-un-stu_201902\20_ServerProject\htdocs\torch\vendor\cakephp\cakephp\src\Http\Runner.php(51): Cake\Http\Runner->__invoke(Object(Cake\Http\ServerRequest), Object(Cake\Http\Response))
#16 C:\Users\koguy\Documents\TechStadium\ts-un-stu_201902\20_ServerProject\htdocs\torch\vendor\cakephp\cakephp\src\Http\Server.php(98): Cake\Http\Runner->run(Object(Cake\Http\MiddlewareQueue), Object(Cake\Http\ServerRequest), Object(Cake\Http\Response))
#17 C:\Users\koguy\Documents\TechStadium\ts-un-stu_201902\20_ServerProject\htdocs\torch\webroot\index.php(40): Cake\Http\Server->run()
#18 {main}
Request URL: /item/getItems


2019-03-29 07:33:08 Error: Fatal Error (1): Maximum execution time of 30 seconds exceeded in [C:\Users\koguy\Documents\TechStadium\ts-un-stu_201902\20_ServerProject\htdocs\torch\vendor\cakephp\cakephp\src\ORM\Query.php, line 269]
Request URL: /item/getItems
Trace:
Cake\Error\BaseErrorHandler::handleFatalError() - CORE\src\Error\BaseErrorHandler.php, line 229
Cake\Error\BaseErrorHandler::Cake\Error\{closure}() - CORE\src\Error\BaseErrorHandler.php, line 109
[main] - [internal], line ??



2019-03-29 07:33:08 Warning: Warning (512): Unable to emit headers. Headers sent in file=C:\Users\koguy\Documents\TechStadium\ts-un-stu_201902\20_ServerProject\htdocs\torch\vendor\cakephp\cakephp\src\Error\Debugger.php line=853 in [C:\Users\koguy\Documents\TechStadium\ts-un-stu_201902\20_ServerProject\htdocs\torch\vendor\cakephp\cakephp\src\Http\ResponseEmitter.php, line 51]
Request URL: /item/getItems
Trace:
Cake\Error\BaseErrorHandler::handleError() - CORE\src\Error\BaseErrorHandler.php, line 159
Cake\Core\BasePlugin::{closure}() - ROOT\vendor\cakephp\debug_kit\config\bootstrap.php, line 42
Cake\Http\ResponseEmitter::emit() - CORE\src\Http\ResponseEmitter.php, line 51
Cake\Error\ErrorHandler::_sendResponse() - CORE\src\Error\ErrorHandler.php, line 198
Cake\Error\ErrorHandler::_displayException() - CORE\src\Error\ErrorHandler.php, line 139
Cake\Error\BaseErrorHandler::handleException() - CORE\src\Error\BaseErrorHandler.php, line 193
Cake\Error\BaseErrorHandler::handleFatalError() - CORE\src\Error\BaseErrorHandler.php, line 231
Cake\Error\BaseErrorHandler::Cake\Error\{closure}() - CORE\src\Error\BaseErrorHandler.php, line 109
[main] - [internal], line ??



2019-03-29 07:33:38 Error: Fatal Error (1): Maximum execution time of 30 seconds exceeded in [C:\Users\koguy\Documents\TechStadium\ts-un-stu_201902\20_ServerProject\htdocs\torch\vendor\cakephp\cakephp\src\Datasource\QueryTrait.php, line 258]
Request URL: /item/getItems
Trace:
Cake\Error\BaseErrorHandler::handleFatalError() - CORE\src\Error\BaseErrorHandler.php, line 229
Cake\Error\BaseErrorHandler::Cake\Error\{closure}() - CORE\src\Error\BaseErrorHandler.php, line 109
[main] - [internal], line ??



2019-03-29 07:33:38 Warning: Warning (512): Unable to emit headers. Headers sent in file=C:\Users\koguy\Documents\TechStadium\ts-un-stu_201902\20_ServerProject\htdocs\torch\vendor\cakephp\cakephp\src\Error\Debugger.php line=853 in [C:\Users\koguy\Documents\TechStadium\ts-un-stu_201902\20_ServerProject\htdocs\torch\vendor\cakephp\cakephp\src\Http\ResponseEmitter.php, line 51]
Request URL: /item/getItems
Trace:
Cake\Error\BaseErrorHandler::handleError() - CORE\src\Error\BaseErrorHandler.php, line 159
Cake\Core\BasePlugin::{closure}() - ROOT\vendor\cakephp\debug_kit\config\bootstrap.php, line 42
Cake\Http\ResponseEmitter::emit() - CORE\src\Http\ResponseEmitter.php, line 51
Cake\Error\ErrorHandler::_sendResponse() - CORE\src\Error\ErrorHandler.php, line 198
Cake\Error\ErrorHandler::_displayException() - CORE\src\Error\ErrorHandler.php, line 139
Cake\Error\BaseErrorHandler::handleException() - CORE\src\Error\BaseErrorHandler.php, line 193
Cake\Error\BaseErrorHandler::handleFatalError() - CORE\src\Error\BaseErrorHandler.php, line 231
Cake\Error\BaseErrorHandler::Cake\Error\{closure}() - CORE\src\Error\BaseErrorHandler.php, line 109
[main] - [internal], line ??



2019-03-29 07:33:38 Warning: Warning (2): Cannot modify header information - headers already sent by (output started at C:\Users\koguy\Documents\TechStadium\ts-un-stu_201902\20_ServerProject\htdocs\torch\vendor\cakephp\cakephp\src\Error\Debugger.php:853) in [C:\Users\koguy\Documents\TechStadium\ts-un-stu_201902\20_ServerProject\htdocs\torch\vendor\cakephp\cakephp\src\Http\ResponseEmitter.php, line 152]
Request URL: /item/getItems
Trace:
Cake\Error\BaseErrorHandler::handleError() - CORE\src\Error\BaseErrorHandler.php, line 159
Cake\Core\BasePlugin::{closure}() - ROOT\vendor\cakephp\debug_kit\config\bootstrap.php, line 42
header - [internal], line ??
Cake\Http\ResponseEmitter::emitStatusLine() - CORE\src\Http\ResponseEmitter.php, line 152
Cake\Http\ResponseEmitter::emit() - CORE\src\Http\ResponseEmitter.php, line 57
Cake\Error\ErrorHandler::_sendResponse() - CORE\src\Error\ErrorHandler.php, line 198
Cake\Error\ErrorHandler::_displayException() - CORE\src\Error\ErrorHandler.php, line 139
Cake\Error\BaseErrorHandler::handleException() - CORE\src\Error\BaseErrorHandler.php, line 193
Cake\Error\BaseErrorHandler::handleFatalError() - CORE\src\Error\BaseErrorHandler.php, line 231
Cake\Error\BaseErrorHandler::Cake\Error\{closure}() - CORE\src\Error\BaseErrorHandler.php, line 109
[main] - [internal], line ??



2019-03-29 07:33:38 Warning: Warning (2): Cannot modify header information - headers already sent by (output started at C:\Users\koguy\Documents\TechStadium\ts-un-stu_201902\20_ServerProject\htdocs\torch\vendor\cakephp\cakephp\src\Error\Debugger.php:853) in [C:\Users\koguy\Documents\TechStadium\ts-un-stu_201902\20_ServerProject\htdocs\torch\vendor\cakephp\cakephp\src\Http\ResponseEmitter.php, line 185]
Request URL: /item/getItems
Trace:
Cake\Error\BaseErrorHandler::handleError() - CORE\src\Error\BaseErrorHandler.php, line 159
Cake\Core\BasePlugin::{closure}() - ROOT\vendor\cakephp\debug_kit\config\bootstrap.php, line 42
header - [internal], line ??
Cake\Http\ResponseEmitter::emitHeaders() - CORE\src\Http\ResponseEmitter.php, line 185
Cake\Http\ResponseEmitter::emit() - CORE\src\Http\ResponseEmitter.php, line 58
Cake\Error\ErrorHandler::_sendResponse() - CORE\src\Error\ErrorHandler.php, line 198
Cake\Error\ErrorHandler::_displayException() - CORE\src\Error\ErrorHandler.php, line 139
Cake\Error\BaseErrorHandler::handleException() - CORE\src\Error\BaseErrorHandler.php, line 193
Cake\Error\BaseErrorHandler::handleFatalError() - CORE\src\Error\BaseErrorHandler.php, line 231
Cake\Error\BaseErrorHandler::Cake\Error\{closure}() - CORE\src\Error\BaseErrorHandler.php, line 109
[main] - [internal], line ??



2019-03-29 07:33:38 Error: [Cake\Error\FatalErrorException] Maximum execution time of 30 seconds exceeded in C:\Users\koguy\Documents\TechStadium\ts-un-stu_201902\20_ServerProject\htdocs\torch\vendor\cakephp\cakephp\src\Datasource\QueryTrait.php on line 258
Stack Trace:
#0 C:\Users\koguy\Documents\TechStadium\ts-un-stu_201902\20_ServerProject\htdocs\torch\vendor\cakephp\cakephp\src\Error\BaseErrorHandler.php(109): Cake\Error\BaseErrorHandler->handleFatalError(1, 'Maximum executi...', 'C:\\Users\\koguy\\...', 258)
#1 [internal function]: Cake\Error\BaseErrorHandler->Cake\Error\{closure}()
#2 {main}


Request URL: /item/getItems
2019-03-29 07:55:05 Warning: Warning (512): Unable to emit headers. Headers sent in file=C:\Users\koguy\Documents\TechStadium\ts-un-stu_201902\20_ServerProject\htdocs\torch\vendor\cakephp\cakephp\src\Error\Debugger.php line=853 in [C:\Users\koguy\Documents\TechStadium\ts-un-stu_201902\20_ServerProject\htdocs\torch\vendor\cakephp\cakephp\src\Http\ResponseEmitter.php, line 51]
Request URL: /item/getItems
Trace:
Cake\Error\BaseErrorHandler::handleError() - CORE\src\Error\BaseErrorHandler.php, line 159
Cake\Core\BasePlugin::{closure}() - ROOT\vendor\cakephp\debug_kit\config\bootstrap.php, line 42
Cake\Http\ResponseEmitter::emit() - CORE\src\Http\ResponseEmitter.php, line 51
Cake\Http\Server::emit() - CORE\src\Http\Server.php, line 141
[main] - ROOT\webroot\index.php, line 40



2019-03-29 07:55:05 Warning: Warning (2): Cannot modify header information - headers already sent by (output started at C:\Users\koguy\Documents\TechStadium\ts-un-stu_201902\20_ServerProject\htdocs\torch\vendor\cakephp\cakephp\src\Error\Debugger.php:853) in [C:\Users\koguy\Documents\TechStadium\ts-un-stu_201902\20_ServerProject\htdocs\torch\vendor\cakephp\cakephp\src\Http\ResponseEmitter.php, line 152]
Request URL: /item/getItems
Trace:
Cake\Error\BaseErrorHandler::handleError() - CORE\src\Error\BaseErrorHandler.php, line 159
Cake\Core\BasePlugin::{closure}() - ROOT\vendor\cakephp\debug_kit\config\bootstrap.php, line 42
header - [internal], line ??
Cake\Http\ResponseEmitter::emitStatusLine() - CORE\src\Http\ResponseEmitter.php, line 152
Cake\Http\ResponseEmitter::emit() - CORE\src\Http\ResponseEmitter.php, line 57
Cake\Http\Server::emit() - CORE\src\Http\Server.php, line 141
[main] - ROOT\webroot\index.php, line 40



2019-03-29 07:55:05 Warning: Warning (2): Cannot modify header information - headers already sent by (output started at C:\Users\koguy\Documents\TechStadium\ts-un-stu_201902\20_ServerProject\htdocs\torch\vendor\cakephp\cakephp\src\Error\Debugger.php:853) in [C:\Users\koguy\Documents\TechStadium\ts-un-stu_201902\20_ServerProject\htdocs\torch\vendor\cakephp\cakephp\src\Http\ResponseEmitter.php, line 185]
Request URL: /item/getItems
Trace:
Cake\Error\BaseErrorHandler::handleError() - CORE\src\Error\BaseErrorHandler.php, line 159
Cake\Core\BasePlugin::{closure}() - ROOT\vendor\cakephp\debug_kit\config\bootstrap.php, line 42
header - [internal], line ??
Cake\Http\ResponseEmitter::emitHeaders() - CORE\src\Http\ResponseEmitter.php, line 185
Cake\Http\ResponseEmitter::emit() - CORE\src\Http\ResponseEmitter.php, line 58
Cake\Http\Server::emit() - CORE\src\Http\Server.php, line 141
[main] - ROOT\webroot\index.php, line 40



2019-03-29 07:55:05 Warning: Warning (2): Cannot modify header information - headers already sent by (output started at C:\Users\koguy\Documents\TechStadium\ts-un-stu_201902\20_ServerProject\htdocs\torch\vendor\cakephp\cakephp\src\Error\Debugger.php:853) in [C:\Users\koguy\Documents\TechStadium\ts-un-stu_201902\20_ServerProject\htdocs\torch\vendor\cakephp\cakephp\src\Http\ResponseEmitter.php, line 185]
Request URL: /item/getItems
Trace:
Cake\Error\BaseErrorHandler::handleError() - CORE\src\Error\BaseErrorHandler.php, line 159
Cake\Core\BasePlugin::{closure}() - ROOT\vendor\cakephp\debug_kit\config\bootstrap.php, line 42
header - [internal], line ??
Cake\Http\ResponseEmitter::emitHeaders() - CORE\src\Http\ResponseEmitter.php, line 185
Cake\Http\ResponseEmitter::emit() - CORE\src\Http\ResponseEmitter.php, line 58
Cake\Http\Server::emit() - CORE\src\Http\Server.php, line 141
[main] - ROOT\webroot\index.php, line 40



2019-03-29 07:55:35 Warning: Warning (512): Unable to emit headers. Headers sent in file=C:\Users\koguy\Documents\TechStadium\ts-un-stu_201902\20_ServerProject\htdocs\torch\vendor\cakephp\cakephp\src\Error\Debugger.php line=853 in [C:\Users\koguy\Documents\TechStadium\ts-un-stu_201902\20_ServerProject\htdocs\torch\vendor\cakephp\cakephp\src\Http\ResponseEmitter.php, line 51]
Request URL: /item/getItems
Trace:
Cake\Error\BaseErrorHandler::handleError() - CORE\src\Error\BaseErrorHandler.php, line 159
Cake\Core\BasePlugin::{closure}() - ROOT\vendor\cakephp\debug_kit\config\bootstrap.php, line 42
Cake\Http\ResponseEmitter::emit() - CORE\src\Http\ResponseEmitter.php, line 51
Cake\Http\Server::emit() - CORE\src\Http\Server.php, line 141
[main] - ROOT\webroot\index.php, line 40



2019-03-29 07:55:35 Warning: Warning (2): Cannot modify header information - headers already sent by (output started at C:\Users\koguy\Documents\TechStadium\ts-un-stu_201902\20_ServerProject\htdocs\torch\vendor\cakephp\cakephp\src\Error\Debugger.php:853) in [C:\Users\koguy\Documents\TechStadium\ts-un-stu_201902\20_ServerProject\htdocs\torch\vendor\cakephp\cakephp\src\Http\ResponseEmitter.php, line 152]
Request URL: /item/getItems
Trace:
Cake\Error\BaseErrorHandler::handleError() - CORE\src\Error\BaseErrorHandler.php, line 159
Cake\Core\BasePlugin::{closure}() - ROOT\vendor\cakephp\debug_kit\config\bootstrap.php, line 42
header - [internal], line ??
Cake\Http\ResponseEmitter::emitStatusLine() - CORE\src\Http\ResponseEmitter.php, line 152
Cake\Http\ResponseEmitter::emit() - CORE\src\Http\ResponseEmitter.php, line 57
Cake\Http\Server::emit() - CORE\src\Http\Server.php, line 141
[main] - ROOT\webroot\index.php, line 40



2019-03-29 07:55:35 Warning: Warning (2): Cannot modify header information - headers already sent by (output started at C:\Users\koguy\Documents\TechStadium\ts-un-stu_201902\20_ServerProject\htdocs\torch\vendor\cakephp\cakephp\src\Error\Debugger.php:853) in [C:\Users\koguy\Documents\TechStadium\ts-un-stu_201902\20_ServerProject\htdocs\torch\vendor\cakephp\cakephp\src\Http\ResponseEmitter.php, line 185]
Request URL: /item/getItems
Trace:
Cake\Error\BaseErrorHandler::handleError() - CORE\src\Error\BaseErrorHandler.php, line 159
Cake\Core\BasePlugin::{closure}() - ROOT\vendor\cakephp\debug_kit\config\bootstrap.php, line 42
header - [internal], line ??
Cake\Http\ResponseEmitter::emitHeaders() - CORE\src\Http\ResponseEmitter.php, line 185
Cake\Http\ResponseEmitter::emit() - CORE\src\Http\ResponseEmitter.php, line 58
Cake\Http\Server::emit() - CORE\src\Http\Server.php, line 141
[main] - ROOT\webroot\index.php, line 40



2019-03-29 07:55:35 Warning: Warning (2): Cannot modify header information - headers already sent by (output started at C:\Users\koguy\Documents\TechStadium\ts-un-stu_201902\20_ServerProject\htdocs\torch\vendor\cakephp\cakephp\src\Error\Debugger.php:853) in [C:\Users\koguy\Documents\TechStadium\ts-un-stu_201902\20_ServerProject\htdocs\torch\vendor\cakephp\cakephp\src\Http\ResponseEmitter.php, line 185]
Request URL: /item/getItems
Trace:
Cake\Error\BaseErrorHandler::handleError() - CORE\src\Error\BaseErrorHandler.php, line 159
Cake\Core\BasePlugin::{closure}() - ROOT\vendor\cakephp\debug_kit\config\bootstrap.php, line 42
header - [internal], line ??
Cake\Http\ResponseEmitter::emitHeaders() - CORE\src\Http\ResponseEmitter.php, line 185
Cake\Http\ResponseEmitter::emit() - CORE\src\Http\ResponseEmitter.php, line 58
Cake\Http\Server::emit() - CORE\src\Http\Server.php, line 141
[main] - ROOT\webroot\index.php, line 40



2019-03-29 07:59:48 Warning: Warning (512): Unable to emit headers. Headers sent in file=C:\Users\koguy\Documents\TechStadium\ts-un-stu_201902\20_ServerProject\htdocs\torch\vendor\cakephp\cakephp\src\Error\Debugger.php line=853 in [C:\Users\koguy\Documents\TechStadium\ts-un-stu_201902\20_ServerProject\htdocs\torch\vendor\cakephp\cakephp\src\Http\ResponseEmitter.php, line 51]
Request URL: /item/getItems
Trace:
Cake\Error\BaseErrorHandler::handleError() - CORE\src\Error\BaseErrorHandler.php, line 159
Cake\Core\BasePlugin::{closure}() - ROOT\vendor\cakephp\debug_kit\config\bootstrap.php, line 42
Cake\Http\ResponseEmitter::emit() - CORE\src\Http\ResponseEmitter.php, line 51
Cake\Http\Server::emit() - CORE\src\Http\Server.php, line 141
[main] - ROOT\webroot\index.php, line 40



2019-03-29 07:59:48 Warning: Warning (2): Cannot modify header information - headers already sent by (output started at C:\Users\koguy\Documents\TechStadium\ts-un-stu_201902\20_ServerProject\htdocs\torch\vendor\cakephp\cakephp\src\Error\Debugger.php:853) in [C:\Users\koguy\Documents\TechStadium\ts-un-stu_201902\20_ServerProject\htdocs\torch\vendor\cakephp\cakephp\src\Http\ResponseEmitter.php, line 152]
Request URL: /item/getItems
Trace:
Cake\Error\BaseErrorHandler::handleError() - CORE\src\Error\BaseErrorHandler.php, line 159
Cake\Core\BasePlugin::{closure}() - ROOT\vendor\cakephp\debug_kit\config\bootstrap.php, line 42
header - [internal], line ??
Cake\Http\ResponseEmitter::emitStatusLine() - CORE\src\Http\ResponseEmitter.php, line 152
Cake\Http\ResponseEmitter::emit() - CORE\src\Http\ResponseEmitter.php, line 57
Cake\Http\Server::emit() - CORE\src\Http\Server.php, line 141
[main] - ROOT\webroot\index.php, line 40



2019-03-29 07:59:48 Warning: Warning (2): Cannot modify header information - headers already sent by (output started at C:\Users\koguy\Documents\TechStadium\ts-un-stu_201902\20_ServerProject\htdocs\torch\vendor\cakephp\cakephp\src\Error\Debugger.php:853) in [C:\Users\koguy\Documents\TechStadium\ts-un-stu_201902\20_ServerProject\htdocs\torch\vendor\cakephp\cakephp\src\Http\ResponseEmitter.php, line 185]
Request URL: /item/getItems
Trace:
Cake\Error\BaseErrorHandler::handleError() - CORE\src\Error\BaseErrorHandler.php, line 159
Cake\Core\BasePlugin::{closure}() - ROOT\vendor\cakephp\debug_kit\config\bootstrap.php, line 42
header - [internal], line ??
Cake\Http\ResponseEmitter::emitHeaders() - CORE\src\Http\ResponseEmitter.php, line 185
Cake\Http\ResponseEmitter::emit() - CORE\src\Http\ResponseEmitter.php, line 58
Cake\Http\Server::emit() - CORE\src\Http\Server.php, line 141
[main] - ROOT\webroot\index.php, line 40



2019-03-29 07:59:48 Warning: Warning (2): Cannot modify header information - headers already sent by (output started at C:\Users\koguy\Documents\TechStadium\ts-un-stu_201902\20_ServerProject\htdocs\torch\vendor\cakephp\cakephp\src\Error\Debugger.php:853) in [C:\Users\koguy\Documents\TechStadium\ts-un-stu_201902\20_ServerProject\htdocs\torch\vendor\cakephp\cakephp\src\Http\ResponseEmitter.php, line 185]
Request URL: /item/getItems
Trace:
Cake\Error\BaseErrorHandler::handleError() - CORE\src\Error\BaseErrorHandler.php, line 159
Cake\Core\BasePlugin::{closure}() - ROOT\vendor\cakephp\debug_kit\config\bootstrap.php, line 42
header - [internal], line ??
Cake\Http\ResponseEmitter::emitHeaders() - CORE\src\Http\ResponseEmitter.php, line 185
Cake\Http\ResponseEmitter::emit() - CORE\src\Http\ResponseEmitter.php, line 58
Cake\Http\Server::emit() - CORE\src\Http\Server.php, line 141
[main] - ROOT\webroot\index.php, line 40



2019-03-29 08:00:46 Warning: Warning (512): Unable to emit headers. Headers sent in file=C:\Users\koguy\Documents\TechStadium\ts-un-stu_201902\20_ServerProject\htdocs\torch\vendor\cakephp\cakephp\src\Error\Debugger.php line=853 in [C:\Users\koguy\Documents\TechStadium\ts-un-stu_201902\20_ServerProject\htdocs\torch\vendor\cakephp\cakephp\src\Http\ResponseEmitter.php, line 51]
Request URL: /item/getItems
Trace:
Cake\Error\BaseErrorHandler::handleError() - CORE\src\Error\BaseErrorHandler.php, line 159
Cake\Core\BasePlugin::{closure}() - ROOT\vendor\cakephp\debug_kit\config\bootstrap.php, line 42
Cake\Http\ResponseEmitter::emit() - CORE\src\Http\ResponseEmitter.php, line 51
Cake\Http\Server::emit() - CORE\src\Http\Server.php, line 141
[main] - ROOT\webroot\index.php, line 40



2019-03-29 08:00:46 Warning: Warning (2): Cannot modify header information - headers already sent by (output started at C:\Users\koguy\Documents\TechStadium\ts-un-stu_201902\20_ServerProject\htdocs\torch\vendor\cakephp\cakephp\src\Error\Debugger.php:853) in [C:\Users\koguy\Documents\TechStadium\ts-un-stu_201902\20_ServerProject\htdocs\torch\vendor\cakephp\cakephp\src\Http\ResponseEmitter.php, line 152]
Request URL: /item/getItems
Trace:
Cake\Error\BaseErrorHandler::handleError() - CORE\src\Error\BaseErrorHandler.php, line 159
Cake\Core\BasePlugin::{closure}() - ROOT\vendor\cakephp\debug_kit\config\bootstrap.php, line 42
header - [internal], line ??
Cake\Http\ResponseEmitter::emitStatusLine() - CORE\src\Http\ResponseEmitter.php, line 152
Cake\Http\ResponseEmitter::emit() - CORE\src\Http\ResponseEmitter.php, line 57
Cake\Http\Server::emit() - CORE\src\Http\Server.php, line 141
[main] - ROOT\webroot\index.php, line 40



2019-03-29 08:00:46 Warning: Warning (2): Cannot modify header information - headers already sent by (output started at C:\Users\koguy\Documents\TechStadium\ts-un-stu_201902\20_ServerProject\htdocs\torch\vendor\cakephp\cakephp\src\Error\Debugger.php:853) in [C:\Users\koguy\Documents\TechStadium\ts-un-stu_201902\20_ServerProject\htdocs\torch\vendor\cakephp\cakephp\src\Http\ResponseEmitter.php, line 185]
Request URL: /item/getItems
Trace:
Cake\Error\BaseErrorHandler::handleError() - CORE\src\Error\BaseErrorHandler.php, line 159
Cake\Core\BasePlugin::{closure}() - ROOT\vendor\cakephp\debug_kit\config\bootstrap.php, line 42
header - [internal], line ??
Cake\Http\ResponseEmitter::emitHeaders() - CORE\src\Http\ResponseEmitter.php, line 185
Cake\Http\ResponseEmitter::emit() - CORE\src\Http\ResponseEmitter.php, line 58
Cake\Http\Server::emit() - CORE\src\Http\Server.php, line 141
[main] - ROOT\webroot\index.php, line 40



2019-03-29 08:00:46 Warning: Warning (2): Cannot modify header information - headers already sent by (output started at C:\Users\koguy\Documents\TechStadium\ts-un-stu_201902\20_ServerProject\htdocs\torch\vendor\cakephp\cakephp\src\Error\Debugger.php:853) in [C:\Users\koguy\Documents\TechStadium\ts-un-stu_201902\20_ServerProject\htdocs\torch\vendor\cakephp\cakephp\src\Http\ResponseEmitter.php, line 185]
Request URL: /item/getItems
Trace:
Cake\Error\BaseErrorHandler::handleError() - CORE\src\Error\BaseErrorHandler.php, line 159
Cake\Core\BasePlugin::{closure}() - ROOT\vendor\cakephp\debug_kit\config\bootstrap.php, line 42
header - [internal], line ??
Cake\Http\ResponseEmitter::emitHeaders() - CORE\src\Http\ResponseEmitter.php, line 185
Cake\Http\ResponseEmitter::emit() - CORE\src\Http\ResponseEmitter.php, line 58
Cake\Http\Server::emit() - CORE\src\Http\Server.php, line 141
[main] - ROOT\webroot\index.php, line 40



2019-03-29 09:21:56 Warning: Warning (512): Unable to emit headers. Headers sent in file=C:\Users\koguy\Documents\TechStadium\ts-un-stu_201902\20_ServerProject\htdocs\torch\vendor\cakephp\cakephp\src\Error\Debugger.php line=853 in [C:\Users\koguy\Documents\TechStadium\ts-un-stu_201902\20_ServerProject\htdocs\torch\vendor\cakephp\cakephp\src\Http\ResponseEmitter.php, line 51]
Request URL: /item/getItems
Trace:
Cake\Error\BaseErrorHandler::handleError() - CORE\src\Error\BaseErrorHandler.php, line 159
Cake\Core\BasePlugin::{closure}() - ROOT\vendor\cakephp\debug_kit\config\bootstrap.php, line 42
Cake\Http\ResponseEmitter::emit() - CORE\src\Http\ResponseEmitter.php, line 51
Cake\Http\Server::emit() - CORE\src\Http\Server.php, line 141
[main] - ROOT\webroot\index.php, line 40



2019-03-29 09:21:56 Warning: Warning (2): Cannot modify header information - headers already sent by (output started at C:\Users\koguy\Documents\TechStadium\ts-un-stu_201902\20_ServerProject\htdocs\torch\vendor\cakephp\cakephp\src\Error\Debugger.php:853) in [C:\Users\koguy\Documents\TechStadium\ts-un-stu_201902\20_ServerProject\htdocs\torch\vendor\cakephp\cakephp\src\Http\ResponseEmitter.php, line 152]
Request URL: /item/getItems
Trace:
Cake\Error\BaseErrorHandler::handleError() - CORE\src\Error\BaseErrorHandler.php, line 159
Cake\Core\BasePlugin::{closure}() - ROOT\vendor\cakephp\debug_kit\config\bootstrap.php, line 42
header - [internal], line ??
Cake\Http\ResponseEmitter::emitStatusLine() - CORE\src\Http\ResponseEmitter.php, line 152
Cake\Http\ResponseEmitter::emit() - CORE\src\Http\ResponseEmitter.php, line 57
Cake\Http\Server::emit() - CORE\src\Http\Server.php, line 141
[main] - ROOT\webroot\index.php, line 40



2019-03-29 09:21:56 Warning: Warning (2): Cannot modify header information - headers already sent by (output started at C:\Users\koguy\Documents\TechStadium\ts-un-stu_201902\20_ServerProject\htdocs\torch\vendor\cakephp\cakephp\src\Error\Debugger.php:853) in [C:\Users\koguy\Documents\TechStadium\ts-un-stu_201902\20_ServerProject\htdocs\torch\vendor\cakephp\cakephp\src\Http\ResponseEmitter.php, line 185]
Request URL: /item/getItems
Trace:
Cake\Error\BaseErrorHandler::handleError() - CORE\src\Error\BaseErrorHandler.php, line 159
Cake\Core\BasePlugin::{closure}() - ROOT\vendor\cakephp\debug_kit\config\bootstrap.php, line 42
header - [internal], line ??
Cake\Http\ResponseEmitter::emitHeaders() - CORE\src\Http\ResponseEmitter.php, line 185
Cake\Http\ResponseEmitter::emit() - CORE\src\Http\ResponseEmitter.php, line 58
Cake\Http\Server::emit() - CORE\src\Http\Server.php, line 141
[main] - ROOT\webroot\index.php, line 40



2019-03-29 09:21:56 Warning: Warning (2): Cannot modify header information - headers already sent by (output started at C:\Users\koguy\Documents\TechStadium\ts-un-stu_201902\20_ServerProject\htdocs\torch\vendor\cakephp\cakephp\src\Error\Debugger.php:853) in [C:\Users\koguy\Documents\TechStadium\ts-un-stu_201902\20_ServerProject\htdocs\torch\vendor\cakephp\cakephp\src\Http\ResponseEmitter.php, line 185]
Request URL: /item/getItems
Trace:
Cake\Error\BaseErrorHandler::handleError() - CORE\src\Error\BaseErrorHandler.php, line 159
Cake\Core\BasePlugin::{closure}() - ROOT\vendor\cakephp\debug_kit\config\bootstrap.php, line 42
header - [internal], line ??
Cake\Http\ResponseEmitter::emitHeaders() - CORE\src\Http\ResponseEmitter.php, line 185
Cake\Http\ResponseEmitter::emit() - CORE\src\Http\ResponseEmitter.php, line 58
Cake\Http\Server::emit() - CORE\src\Http\Server.php, line 141
[main] - ROOT\webroot\index.php, line 40



2019-03-29 09:24:27 Warning: Warning (512): Unable to emit headers. Headers sent in file=C:\Users\koguy\Documents\TechStadium\ts-un-stu_201902\20_ServerProject\htdocs\torch\vendor\cakephp\cakephp\src\Error\Debugger.php line=853 in [C:\Users\koguy\Documents\TechStadium\ts-un-stu_201902\20_ServerProject\htdocs\torch\vendor\cakephp\cakephp\src\Http\ResponseEmitter.php, line 51]
Request URL: /item/getItems
Trace:
Cake\Error\BaseErrorHandler::handleError() - CORE\src\Error\BaseErrorHandler.php, line 159
Cake\Core\BasePlugin::{closure}() - ROOT\vendor\cakephp\debug_kit\config\bootstrap.php, line 42
Cake\Http\ResponseEmitter::emit() - CORE\src\Http\ResponseEmitter.php, line 51
Cake\Http\Server::emit() - CORE\src\Http\Server.php, line 141
[main] - ROOT\webroot\index.php, line 40



2019-03-29 09:24:27 Warning: Warning (2): Cannot modify header information - headers already sent by (output started at C:\Users\koguy\Documents\TechStadium\ts-un-stu_201902\20_ServerProject\htdocs\torch\vendor\cakephp\cakephp\src\Error\Debugger.php:853) in [C:\Users\koguy\Documents\TechStadium\ts-un-stu_201902\20_ServerProject\htdocs\torch\vendor\cakephp\cakephp\src\Http\ResponseEmitter.php, line 152]
Request URL: /item/getItems
Trace:
Cake\Error\BaseErrorHandler::handleError() - CORE\src\Error\BaseErrorHandler.php, line 159
Cake\Core\BasePlugin::{closure}() - ROOT\vendor\cakephp\debug_kit\config\bootstrap.php, line 42
header - [internal], line ??
Cake\Http\ResponseEmitter::emitStatusLine() - CORE\src\Http\ResponseEmitter.php, line 152
Cake\Http\ResponseEmitter::emit() - CORE\src\Http\ResponseEmitter.php, line 57
Cake\Http\Server::emit() - CORE\src\Http\Server.php, line 141
[main] - ROOT\webroot\index.php, line 40



2019-03-29 09:24:27 Warning: Warning (2): Cannot modify header information - headers already sent by (output started at C:\Users\koguy\Documents\TechStadium\ts-un-stu_201902\20_ServerProject\htdocs\torch\vendor\cakephp\cakephp\src\Error\Debugger.php:853) in [C:\Users\koguy\Documents\TechStadium\ts-un-stu_201902\20_ServerProject\htdocs\torch\vendor\cakephp\cakephp\src\Http\ResponseEmitter.php, line 185]
Request URL: /item/getItems
Trace:
Cake\Error\BaseErrorHandler::handleError() - CORE\src\Error\BaseErrorHandler.php, line 159
Cake\Core\BasePlugin::{closure}() - ROOT\vendor\cakephp\debug_kit\config\bootstrap.php, line 42
header - [internal], line ??
Cake\Http\ResponseEmitter::emitHeaders() - CORE\src\Http\ResponseEmitter.php, line 185
Cake\Http\ResponseEmitter::emit() - CORE\src\Http\ResponseEmitter.php, line 58
Cake\Http\Server::emit() - CORE\src\Http\Server.php, line 141
[main] - ROOT\webroot\index.php, line 40



2019-03-29 09:24:27 Warning: Warning (2): Cannot modify header information - headers already sent by (output started at C:\Users\koguy\Documents\TechStadium\ts-un-stu_201902\20_ServerProject\htdocs\torch\vendor\cakephp\cakephp\src\Error\Debugger.php:853) in [C:\Users\koguy\Documents\TechStadium\ts-un-stu_201902\20_ServerProject\htdocs\torch\vendor\cakephp\cakephp\src\Http\ResponseEmitter.php, line 185]
Request URL: /item/getItems
Trace:
Cake\Error\BaseErrorHandler::handleError() - CORE\src\Error\BaseErrorHandler.php, line 159
Cake\Core\BasePlugin::{closure}() - ROOT\vendor\cakephp\debug_kit\config\bootstrap.php, line 42
header - [internal], line ??
Cake\Http\ResponseEmitter::emitHeaders() - CORE\src\Http\ResponseEmitter.php, line 185
Cake\Http\ResponseEmitter::emit() - CORE\src\Http\ResponseEmitter.php, line 58
Cake\Http\Server::emit() - CORE\src\Http\Server.php, line 141
[main] - ROOT\webroot\index.php, line 40



2019-03-29 09:29:16 Warning: Warning (512): Unable to emit headers. Headers sent in file=C:\Users\koguy\Documents\TechStadium\ts-un-stu_201902\20_ServerProject\htdocs\torch\src\Controller\ItemController.php line=154 in [C:\Users\koguy\Documents\TechStadium\ts-un-stu_201902\20_ServerProject\htdocs\torch\vendor\cakephp\cakephp\src\Http\ResponseEmitter.php, line 51]
Request URL: /item/getItems
Trace:
Cake\Error\BaseErrorHandler::handleError() - CORE\src\Error\BaseErrorHandler.php, line 159
Cake\Core\BasePlugin::{closure}() - ROOT\vendor\cakephp\debug_kit\config\bootstrap.php, line 42
Cake\Http\ResponseEmitter::emit() - CORE\src\Http\ResponseEmitter.php, line 51
Cake\Http\Server::emit() - CORE\src\Http\Server.php, line 141
[main] - ROOT\webroot\index.php, line 40



2019-03-29 09:29:16 Warning: Warning (2): Cannot modify header information - headers already sent by (output started at C:\Users\koguy\Documents\TechStadium\ts-un-stu_201902\20_ServerProject\htdocs\torch\src\Controller\ItemController.php:154) in [C:\Users\koguy\Documents\TechStadium\ts-un-stu_201902\20_ServerProject\htdocs\torch\vendor\cakephp\cakephp\src\Http\ResponseEmitter.php, line 152]
Request URL: /item/getItems
Trace:
Cake\Error\BaseErrorHandler::handleError() - CORE\src\Error\BaseErrorHandler.php, line 159
Cake\Core\BasePlugin::{closure}() - ROOT\vendor\cakephp\debug_kit\config\bootstrap.php, line 42
header - [internal], line ??
Cake\Http\ResponseEmitter::emitStatusLine() - CORE\src\Http\ResponseEmitter.php, line 152
Cake\Http\ResponseEmitter::emit() - CORE\src\Http\ResponseEmitter.php, line 57
Cake\Http\Server::emit() - CORE\src\Http\Server.php, line 141
[main] - ROOT\webroot\index.php, line 40



2019-03-29 09:29:16 Warning: Warning (2): Cannot modify header information - headers already sent by (output started at C:\Users\koguy\Documents\TechStadium\ts-un-stu_201902\20_ServerProject\htdocs\torch\src\Controller\ItemController.php:154) in [C:\Users\koguy\Documents\TechStadium\ts-un-stu_201902\20_ServerProject\htdocs\torch\vendor\cakephp\cakephp\src\Http\ResponseEmitter.php, line 185]
Request URL: /item/getItems
Trace:
Cake\Error\BaseErrorHandler::handleError() - CORE\src\Error\BaseErrorHandler.php, line 159
Cake\Core\BasePlugin::{closure}() - ROOT\vendor\cakephp\debug_kit\config\bootstrap.php, line 42
header - [internal], line ??
Cake\Http\ResponseEmitter::emitHeaders() - CORE\src\Http\ResponseEmitter.php, line 185
Cake\Http\ResponseEmitter::emit() - CORE\src\Http\ResponseEmitter.php, line 58
Cake\Http\Server::emit() - CORE\src\Http\Server.php, line 141
[main] - ROOT\webroot\index.php, line 40



2019-03-29 09:29:16 Warning: Warning (2): Cannot modify header information - headers already sent by (output started at C:\Users\koguy\Documents\TechStadium\ts-un-stu_201902\20_ServerProject\htdocs\torch\src\Controller\ItemController.php:154) in [C:\Users\koguy\Documents\TechStadium\ts-un-stu_201902\20_ServerProject\htdocs\torch\vendor\cakephp\cakephp\src\Http\ResponseEmitter.php, line 185]
Request URL: /item/getItems
Trace:
Cake\Error\BaseErrorHandler::handleError() - CORE\src\Error\BaseErrorHandler.php, line 159
Cake\Core\BasePlugin::{closure}() - ROOT\vendor\cakephp\debug_kit\config\bootstrap.php, line 42
header - [internal], line ??
Cake\Http\ResponseEmitter::emitHeaders() - CORE\src\Http\ResponseEmitter.php, line 185
Cake\Http\ResponseEmitter::emit() - CORE\src\Http\ResponseEmitter.php, line 58
Cake\Http\Server::emit() - CORE\src\Http\Server.php, line 141
[main] - ROOT\webroot\index.php, line 40



2019-03-29 09:35:45 Error: [LogicException] Controller actions can only return Cake\Http\Response or null.
#0 C:\Users\koguy\Documents\TechStadium\ts-un-stu_201902\20_ServerProject\htdocs\torch\vendor\cakephp\cakephp\src\Http\ActionDispatcher.php(94): Cake\Http\ActionDispatcher->_invoke(Object(App\Controller\ItemController))
#1 C:\Users\koguy\Documents\TechStadium\ts-un-stu_201902\20_ServerProject\htdocs\torch\vendor\cakephp\cakephp\src\Http\BaseApplication.php(235): Cake\Http\ActionDispatcher->dispatch(Object(Cake\Http\ServerRequest), Object(Cake\Http\Response))
#2 C:\Users\koguy\Documents\TechStadium\ts-un-stu_201902\20_ServerProject\htdocs\torch\vendor\cakephp\cakephp\src\Http\Runner.php(65): Cake\Http\BaseApplication->__invoke(Object(Cake\Http\ServerRequest), Object(Cake\Http\Response), Object(Cake\Http\Runner))
#3 C:\Users\koguy\Documents\TechStadium\ts-un-stu_201902\20_ServerProject\htdocs\torch\vendor\cakephp\cakephp\src\Routing\Middleware\RoutingMiddleware.php(162): Cake\Http\Runner->__invoke(Object(Cake\Http\ServerRequest), Object(Cake\Http\Response))
#4 C:\Users\koguy\Documents\TechStadium\ts-un-stu_201902\20_ServerProject\htdocs\torch\vendor\cakephp\cakephp\src\Http\Runner.php(65): Cake\Routing\Middleware\RoutingMiddleware->__invoke(Object(Cake\Http\ServerRequest), Object(Cake\Http\Response), Object(Cake\Http\Runner))
#5 C:\Users\koguy\Documents\TechStadium\ts-un-stu_201902\20_ServerProject\htdocs\torch\vendor\cakephp\cakephp\src\Routing\Middleware\AssetMiddleware.php(88): Cake\Http\Runner->__invoke(Object(Cake\Http\ServerRequest), Object(Cake\Http\Response))
#6 C:\Users\koguy\Documents\TechStadium\ts-un-stu_201902\20_ServerProject\htdocs\torch\vendor\cakephp\cakephp\src\Http\Runner.php(65): Cake\Routing\Middleware\AssetMiddleware->__invoke(Object(Cake\Http\ServerRequest), Object(Cake\Http\Response), Object(Cake\Http\Runner))
#7 C:\Users\koguy\Documents\TechStadium\ts-un-stu_201902\20_ServerProject\htdocs\torch\vendor\cakephp\cakephp\src\Error\Middleware\ErrorHandlerMiddleware.php(96): Cake\Http\Runner->__invoke(Object(Cake\Http\ServerRequest), Object(Cake\Http\Response))
#8 C:\Users\koguy\Documents\TechStadium\ts-un-stu_201902\20_ServerProject\htdocs\torch\vendor\cakephp\cakephp\src\Http\Runner.php(65): Cake\Error\Middleware\ErrorHandlerMiddleware->__invoke(Object(Cake\Http\ServerRequest), Object(Cake\Http\Response), Object(Cake\Http\Runner))
#9 C:\Users\koguy\Documents\TechStadium\ts-un-stu_201902\20_ServerProject\htdocs\torch\vendor\cakephp\debug_kit\src\Middleware\DebugKitMiddleware.php(53): Cake\Http\Runner->__invoke(Object(Cake\Http\ServerRequest), Object(Cake\Http\Response))
#10 C:\Users\koguy\Documents\TechStadium\ts-un-stu_201902\20_ServerProject\htdocs\torch\vendor\cakephp\cakephp\src\Http\Runner.php(65): DebugKit\Middleware\DebugKitMiddleware->__invoke(Object(Cake\Http\ServerRequest), Object(Cake\Http\Response), Object(Cake\Http\Runner))
#11 C:\Users\koguy\Documents\TechStadium\ts-un-stu_201902\20_ServerProject\htdocs\torch\vendor\cakephp\cakephp\src\Http\Runner.php(51): Cake\Http\Runner->__invoke(Object(Cake\Http\ServerRequest), Object(Cake\Http\Response))
#12 C:\Users\koguy\Documents\TechStadium\ts-un-stu_201902\20_ServerProject\htdocs\torch\vendor\cakephp\cakephp\src\Http\Server.php(98): Cake\Http\Runner->run(Object(Cake\Http\MiddlewareQueue), Object(Cake\Http\ServerRequest), Object(Cake\Http\Response))
#13 C:\Users\koguy\Documents\TechStadium\ts-un-stu_201902\20_ServerProject\htdocs\torch\webroot\index.php(40): Cake\Http\Server->run()
#14 {main}
Request URL: /item/getItems


2019-03-29 11:32:38 Error: [LogicException] Controller actions can only return Cake\Http\Response or null.
#0 C:\Users\koguy\Documents\TechStadium\ts-un-stu_201902\20_ServerProject\htdocs\torch\vendor\cakephp\cakephp\src\Http\ActionDispatcher.php(94): Cake\Http\ActionDispatcher->_invoke(Object(App\Controller\ItemController))
#1 C:\Users\koguy\Documents\TechStadium\ts-un-stu_201902\20_ServerProject\htdocs\torch\vendor\cakephp\cakephp\src\Http\BaseApplication.php(235): Cake\Http\ActionDispatcher->dispatch(Object(Cake\Http\ServerRequest), Object(Cake\Http\Response))
#2 C:\Users\koguy\Documents\TechStadium\ts-un-stu_201902\20_ServerProject\htdocs\torch\vendor\cakephp\cakephp\src\Http\Runner.php(65): Cake\Http\BaseApplication->__invoke(Object(Cake\Http\ServerRequest), Object(Cake\Http\Response), Object(Cake\Http\Runner))
#3 C:\Users\koguy\Documents\TechStadium\ts-un-stu_201902\20_ServerProject\htdocs\torch\vendor\cakephp\cakephp\src\Routing\Middleware\RoutingMiddleware.php(162): Cake\Http\Runner->__invoke(Object(Cake\Http\ServerRequest), Object(Cake\Http\Response))
#4 C:\Users\koguy\Documents\TechStadium\ts-un-stu_201902\20_ServerProject\htdocs\torch\vendor\cakephp\cakephp\src\Http\Runner.php(65): Cake\Routing\Middleware\RoutingMiddleware->__invoke(Object(Cake\Http\ServerRequest), Object(Cake\Http\Response), Object(Cake\Http\Runner))
#5 C:\Users\koguy\Documents\TechStadium\ts-un-stu_201902\20_ServerProject\htdocs\torch\vendor\cakephp\cakephp\src\Routing\Middleware\AssetMiddleware.php(88): Cake\Http\Runner->__invoke(Object(Cake\Http\ServerRequest), Object(Cake\Http\Response))
#6 C:\Users\koguy\Documents\TechStadium\ts-un-stu_201902\20_ServerProject\htdocs\torch\vendor\cakephp\cakephp\src\Http\Runner.php(65): Cake\Routing\Middleware\AssetMiddleware->__invoke(Object(Cake\Http\ServerRequest), Object(Cake\Http\Response), Object(Cake\Http\Runner))
#7 C:\Users\koguy\Documents\TechStadium\ts-un-stu_201902\20_ServerProject\htdocs\torch\vendor\cakephp\cakephp\src\Error\Middleware\ErrorHandlerMiddleware.php(96): Cake\Http\Runner->__invoke(Object(Cake\Http\ServerRequest), Object(Cake\Http\Response))
#8 C:\Users\koguy\Documents\TechStadium\ts-un-stu_201902\20_ServerProject\htdocs\torch\vendor\cakephp\cakephp\src\Http\Runner.php(65): Cake\Error\Middleware\ErrorHandlerMiddleware->__invoke(Object(Cake\Http\ServerRequest), Object(Cake\Http\Response), Object(Cake\Http\Runner))
#9 C:\Users\koguy\Documents\TechStadium\ts-un-stu_201902\20_ServerProject\htdocs\torch\vendor\cakephp\debug_kit\src\Middleware\DebugKitMiddleware.php(53): Cake\Http\Runner->__invoke(Object(Cake\Http\ServerRequest), Object(Cake\Http\Response))
#10 C:\Users\koguy\Documents\TechStadium\ts-un-stu_201902\20_ServerProject\htdocs\torch\vendor\cakephp\cakephp\src\Http\Runner.php(65): DebugKit\Middleware\DebugKitMiddleware->__invoke(Object(Cake\Http\ServerRequest), Object(Cake\Http\Response), Object(Cake\Http\Runner))
#11 C:\Users\koguy\Documents\TechStadium\ts-un-stu_201902\20_ServerProject\htdocs\torch\vendor\cakephp\cakephp\src\Http\Runner.php(51): Cake\Http\Runner->__invoke(Object(Cake\Http\ServerRequest), Object(Cake\Http\Response))
#12 C:\Users\koguy\Documents\TechStadium\ts-un-stu_201902\20_ServerProject\htdocs\torch\vendor\cakephp\cakephp\src\Http\Server.php(98): Cake\Http\Runner->run(Object(Cake\Http\MiddlewareQueue), Object(Cake\Http\ServerRequest), Object(Cake\Http\Response))
#13 C:\Users\koguy\Documents\TechStadium\ts-un-stu_201902\20_ServerProject\htdocs\torch\webroot\index.php(40): Cake\Http\Server->run()
#14 {main}
Request URL: /item/getItems


